2026-03-24T02:32:42.259308Z DEBUG sonde_pair::btleplug_transport: BLE scan started (filter applied in discovery layer) services=[0000fe60-0000-1000-8000-00805f9b34fb, 0000fe50-0000-1000-8000-00805f9b34fb]
2026-03-24T02:32:43.775971Z DEBUG sonde_pair::btleplug_transport: enumerating 7 peripherals from btleplug
2026-03-24T02:32:43.776101Z DEBUG sonde_pair::btleplug_transport: discovered peripheral name=None addr=[84, 68, 163, 225, 3, 225] services=[] rssi=Some(-101)
2026-03-24T02:32:43.776124Z DEBUG sonde_pair::btleplug_transport: discovered peripheral name=None addr=[42, 236, 169, 76, 41, 247] services=[] rssi=Some(-101)
2026-03-24T02:32:43.776141Z DEBUG sonde_pair::btleplug_transport: discovered peripheral name=None addr=[84, 58, 214, 120, 178, 137] services=[] rssi=Some(-59)
2026-03-24T02:32:43.776159Z DEBUG sonde_pair::btleplug_transport: discovered peripheral name=Some("sonde-modem") addr=[232, 246, 10, 168, 200, 226] services=[0000fe60-0000-1000-8000-00805f9b34fb] rssi=Some(-30)
2026-03-24T02:32:43.776175Z DEBUG sonde_pair::btleplug_transport: discovered peripheral name=Some("NUS0E") addr=[254, 238, 169, 204, 97, 235] services=[0000feaf-0000-1000-8000-00805f9b34fb] rssi=Some(-89)
2026-03-24T02:32:43.776423Z DEBUG sonde_pair::btleplug_transport: discovered peripheral name=Some("sonde-6fde") addr=[172, 235, 230, 130, 111, 222] services=[0000fe50-0000-1000-8000-00805f9b34fb] rssi=Some(-35)
2026-03-24T02:32:43.776481Z DEBUG sonde_pair::btleplug_transport: discovered peripheral name=Some("IIXSLITX") addr=[218, 207, 186, 1, 133, 108] services=[20130001-0719-4b6e-be5d-158ab92fa5a4] rssi=Some(-101)
2026-03-24T02:32:43.776500Z DEBUG sonde_pair::discovery: refresh: discovered 7 devices
2026-03-24T02:32:43.776541Z DEBUG sonde_pair::discovery: device filtered out (no target UUID) name= addr=[84, 68, 163, 225, 3, 225] uuids=[]
2026-03-24T02:32:43.776554Z DEBUG sonde_pair::discovery: device filtered out (no target UUID) name= addr=[42, 236, 169, 76, 41, 247] uuids=[]
2026-03-24T02:32:43.784466Z DEBUG sonde_pair::discovery: device filtered out (no target UUID) name= addr=[84, 58, 214, 120, 178, 137] uuids=[]
2026-03-24T02:32:43.784499Z DEBUG sonde_pair::discovery: target device found name=sonde-modem addr=[232, 246, 10, 168, 200, 226]
2026-03-24T02:32:43.784522Z DEBUG sonde_pair::discovery: device filtered out (no target UUID) name=NUS0E addr=[254, 238, 169, 204, 97, 235] uuids=[5165596967843087633859974555972859]
2026-03-24T02:32:43.784536Z DEBUG sonde_pair::discovery: target device found name=sonde-6fde addr=[172, 235, 230, 130, 111, 222]
2026-03-24T02:32:43.784553Z DEBUG sonde_pair::discovery: device filtered out (no target UUID) name=IIXSLITX addr=[218, 207, 186, 1, 133, 108] uuids=[42633949586854606606713231220249961892]
2026-03-24T02:32:45.263469Z DEBUG sonde_pair::btleplug_transport: enumerating 9 peripherals from btleplug
2026-03-24T02:32:45.263552Z DEBUG sonde_pair::btleplug_transport: discovered peripheral name=None addr=[84, 68, 163, 225, 3, 225] services=[] rssi=Some(-101)
2026-03-24T02:32:45.263576Z DEBUG sonde_pair::btleplug_transport: discovered peripheral name=None addr=[64, 35, 8, 3, 193, 50] services=[] rssi=Some(-93)
2026-03-24T02:32:45.263596Z DEBUG sonde_pair::btleplug_transport: discovered peripheral name=None addr=[42, 236, 169, 76, 41, 247] services=[] rssi=Some(-101)
2026-03-24T02:32:45.263616Z DEBUG sonde_pair::btleplug_transport: discovered peripheral name=None addr=[84, 58, 214, 120, 178, 137] services=[] rssi=Some(-59)
2026-03-24T02:32:45.263638Z DEBUG sonde_pair::btleplug_transport: discovered peripheral name=Some("sonde-modem") addr=[232, 246, 10, 168, 200, 226] services=[0000fe60-0000-1000-8000-00805f9b34fb] rssi=Some(-26)
2026-03-24T02:32:45.263658Z DEBUG sonde_pair::btleplug_transport: discovered peripheral name=None addr=[188, 69, 91, 113, 204, 87] services=[] rssi=Some(-99)
2026-03-24T02:32:45.263678Z DEBUG sonde_pair::btleplug_transport: discovered peripheral name=Some("NUS0E") addr=[254, 238, 169, 204, 97, 235] services=[0000feaf-0000-1000-8000-00805f9b34fb] rssi=Some(-89)
2026-03-24T02:32:45.263699Z DEBUG sonde_pair::btleplug_transport: discovered peripheral name=Some("sonde-6fde") addr=[172, 235, 230, 130, 111, 222] services=[0000fe50-0000-1000-8000-00805f9b34fb] rssi=Some(-32)
2026-03-24T02:32:45.263776Z DEBUG sonde_pair::btleplug_transport: discovered peripheral name=Some("IIXSLITX") addr=[218, 207, 186, 1, 133, 108] services=[20130001-0719-4b6e-be5d-158ab92fa5a4] rssi=Some(-101)
2026-03-24T02:32:45.263808Z DEBUG sonde_pair::discovery: refresh: discovered 9 devices
2026-03-24T02:32:45.263827Z DEBUG sonde_pair::discovery: device filtered out (no target UUID) name= addr=[84, 68, 163, 225, 3, 225] uuids=[]
2026-03-24T02:32:45.263845Z DEBUG sonde_pair::discovery: device filtered out (no target UUID) name= addr=[64, 35, 8, 3, 193, 50] uuids=[]
2026-03-24T02:32:45.263911Z DEBUG sonde_pair::discovery: device filtered out (no target UUID) name= addr=[42, 236, 169, 76, 41, 247] uuids=[]
2026-03-24T02:32:45.263928Z DEBUG sonde_pair::discovery: device filtered out (no target UUID) name= addr=[84, 58, 214, 120, 178, 137] uuids=[]
2026-03-24T02:32:45.263949Z DEBUG sonde_pair::discovery: target device found name=sonde-modem addr=[232, 246, 10, 168, 200, 226]
2026-03-24T02:32:45.263971Z DEBUG sonde_pair::discovery: device filtered out (no target UUID) name= addr=[188, 69, 91, 113, 204, 87] uuids=[]
2026-03-24T02:32:45.263992Z DEBUG sonde_pair::discovery: device filtered out (no target UUID) name=NUS0E addr=[254, 238, 169, 204, 97, 235] uuids=[5165596967843087633859974555972859]
2026-03-24T02:32:45.264009Z DEBUG sonde_pair::discovery: target device found name=sonde-6fde addr=[172, 235, 230, 130, 111, 222]
2026-03-24T02:32:45.264028Z DEBUG sonde_pair::discovery: device filtered out (no target UUID) name=IIXSLITX addr=[218, 207, 186, 1, 133, 108] uuids=[42633949586854606606713231220249961892]
2026-03-24T02:32:46.763860Z DEBUG sonde_pair::btleplug_transport: enumerating 11 peripherals from btleplug
2026-03-24T02:32:46.763936Z DEBUG sonde_pair::btleplug_transport: discovered peripheral name=None addr=[84, 68, 163, 225, 3, 225] services=[] rssi=Some(-101)
2026-03-24T02:32:46.763956Z DEBUG sonde_pair::btleplug_transport: discovered peripheral name=None addr=[64, 35, 8, 3, 193, 50] services=[] rssi=Some(-93)
2026-03-24T02:32:46.763973Z DEBUG sonde_pair::btleplug_transport: discovered peripheral name=None addr=[22, 200, 202, 15, 133, 54] services=[] rssi=Some(-101)
2026-03-24T02:32:46.763989Z DEBUG sonde_pair::btleplug_transport: discovered peripheral name=None addr=[42, 236, 169, 76, 41, 247] services=[] rssi=Some(-101)
2026-03-24T02:32:46.764004Z DEBUG sonde_pair::btleplug_transport: discovered peripheral name=None addr=[84, 58, 214, 120, 178, 137] services=[] rssi=Some(-57)
2026-03-24T02:32:46.764024Z DEBUG sonde_pair::btleplug_transport: discovered peripheral name=Some("sonde-modem") addr=[232, 246, 10, 168, 200, 226] services=[0000fe60-0000-1000-8000-00805f9b34fb] rssi=Some(-28)
2026-03-24T02:32:46.764039Z DEBUG sonde_pair::btleplug_transport: discovered peripheral name=None addr=[188, 69, 91, 113, 204, 87] services=[] rssi=Some(-100)
2026-03-24T02:32:46.764056Z DEBUG sonde_pair::btleplug_transport: discovered peripheral name=Some("NUS0E") addr=[254, 238, 169, 204, 97, 235] services=[0000feaf-0000-1000-8000-00805f9b34fb] rssi=Some(-90)
2026-03-24T02:32:46.764074Z DEBUG sonde_pair::btleplug_transport: discovered peripheral name=None addr=[17, 32, 203, 92, 186, 54] services=[] rssi=Some(-41)
2026-03-24T02:32:46.764101Z DEBUG sonde_pair::btleplug_transport: discovered peripheral name=Some("sonde-6fde") addr=[172, 235, 230, 130, 111, 222] services=[0000fe50-0000-1000-8000-00805f9b34fb] rssi=Some(-32)
2026-03-24T02:32:46.764119Z DEBUG sonde_pair::btleplug_transport: discovered peripheral name=Some("IIXSLITX") addr=[218, 207, 186, 1, 133, 108] services=[20130001-0719-4b6e-be5d-158ab92fa5a4] rssi=Some(-101)
2026-03-24T02:32:46.764134Z DEBUG sonde_pair::discovery: refresh: discovered 11 devices
2026-03-24T02:32:46.764149Z DEBUG sonde_pair::discovery: device filtered out (no target UUID) name= addr=[84, 68, 163, 225, 3, 225] uuids=[]
2026-03-24T02:32:46.764167Z DEBUG sonde_pair::discovery: device filtered out (no target UUID) name= addr=[64, 35, 8, 3, 193, 50] uuids=[]
2026-03-24T02:32:46.764182Z DEBUG sonde_pair::discovery: device filtered out (no target UUID) name= addr=[22, 200, 202, 15, 133, 54] uuids=[]
2026-03-24T02:32:46.764195Z DEBUG sonde_pair::discovery: device filtered out (no target UUID) name= addr=[42, 236, 169, 76, 41, 247] uuids=[]
2026-03-24T02:32:46.764207Z DEBUG sonde_pair::discovery: device filtered out (no target UUID) name= addr=[84, 58, 214, 120, 178, 137] uuids=[]
2026-03-24T02:32:46.764220Z DEBUG sonde_pair::discovery: target device found name=sonde-modem addr=[232, 246, 10, 168, 200, 226]
2026-03-24T02:32:46.764292Z DEBUG sonde_pair::discovery: device filtered out (no target UUID) name= addr=[188, 69, 91, 113, 204, 87] uuids=[]
2026-03-24T02:32:46.764321Z DEBUG sonde_pair::discovery: device filtered out (no target UUID) name=NUS0E addr=[254, 238, 169, 204, 97, 235] uuids=[5165596967843087633859974555972859]
2026-03-24T02:32:46.764334Z DEBUG sonde_pair::discovery: device filtered out (no target UUID) name= addr=[17, 32, 203, 92, 186, 54] uuids=[]
2026-03-24T02:32:46.764347Z DEBUG sonde_pair::discovery: target device found name=sonde-6fde addr=[172, 235, 230, 130, 111, 222]
2026-03-24T02:32:46.764360Z DEBUG sonde_pair::discovery: device filtered out (no target UUID) name=IIXSLITX addr=[218, 207, 186, 1, 133, 108] uuids=[42633949586854606606713231220249961892]
2026-03-24T02:32:47.924996Z DEBUG sonde_pair::btleplug_transport: BLE scan stopped
2026-03-24T02:32:47.928194Z  INFO sonde_pair::phase1: connecting to gateway
2026-03-24T02:32:47.928258Z DEBUG sonde_pair::btleplug_transport: target not in cached peripherals, running short scan
2026-03-24T02:32:53.308014Z DEBUG sonde_pair::btleplug_transport: connected and discovered services address=E8:F6:0A:A8:C8:E2 services=3
2026-03-24T02:32:53.308074Z DEBUG sonde_pair::btleplug_transport: btleplug does not expose MTU; reporting conservative default mtu=247
2026-03-24T02:32:53.308088Z DEBUG sonde_pair::phase1: connected to gateway mtu=247
2026-03-24T02:32:53.334601Z DEBUG sonde_pair::btleplug_transport: GATT write complete characteristic=0000fe61-0000-1000-8000-00805f9b34fb len=35
2026-03-24T02:32:53.364413Z DEBUG sonde_pair::btleplug_transport: subscribed to indications characteristic=0000fe61-0000-1000-8000-00805f9b34fb
2026-03-24T02:33:38.604991Z DEBUG sonde_pair::btleplug_transport: disconnected
